2013-04-23 11:56:39.168 UTC INFO [rg1-rn1] RepNodeStateUpdateThread started
2013-04-23 11:56:39.180 UTC INFO [rg1-rn1] JVM Runtime maxMemory (bytes): 1880948736
2013-04-23 11:56:39.180 UTC INFO [rg1-rn1] Non-default JE properties for environment: {je.evictor.criticalPercentage=105, je.log.iteratorReadSize=1048576, je.evictor.nodesPerScan=200, je.rep.vlsn.logCacheSize=128, je.txn.durability=write_no_sync,write_no_sync,simple_majority, je.log.fileMax=1073741824, je.env.runEvictor=true, je.cleaner.readSize=1048576, je.rep.replayMaxOpenDbHandles=100, je.cleaner.threads=2, je.log.fileCacheSize=2000, je.checkpointer.bytesInterval=200000000, je.rep.vlsn.distance=1000000, je.rep.txnRollbackLimit=10, je.rep.replicaAckTimeout=5 s, je.evictor.lruOnly=false, je.log.writeQueueSize=2097152, je.cleaner.lazyMigration=false, je.cleaner.minUtilization=40, je.log.faultReadSize=4096, je.rep.preHeartbeatTimeoutMs=5000000000, je.rep.consistencyPolicy=NoConsistencyRequiredPolicy, je.tree.maxDelta=10, je.nodeMaxEntries=128, je.log.numBuffers=16, je.rep.envUnknownStateTimeout=10 s}
2013-04-23 11:56:39.181 UTC INFO [rg1-rn1] Created new environment dir: .\kvroot\MyStore\sn1\rg1-rn1\env
2013-04-23 11:56:39.184 UTC INFO [rg1-rn1] Partition database cache mode: EVICT_LN
2013-04-23 11:56:39.201 UTC INFO [rg1-rn1] Starting RepNodeService
2013-04-23 11:56:39.202 UTC INFO [rg1-rn1] Starting RN MonitorAgent.  Server socket factory:<ServerSocketFactory name=monitor backlog=0 port range=0,0> Client socket connect factory: <ClientSocketFactory name=MyStore|rn|monitor id=-86625888 connectMs=10000 readMs=10000>
2013-04-23 11:56:39.210 UTC INFO [rg1-rn1] Starting MonitorAgent
2013-04-23 11:56:39.227 UTC INFO [rg1-rn1] RepNodeAdmin registered
2013-04-23 11:56:39.240 UTC INFO [rg1-rn1] JE recovery: POPULATE_UTILIZATION_PROFILE
2013-04-23 11:56:39.241 UTC INFO [rg1-rn1] JE recovery: REMOVE_TEMP_DBS
2013-04-23 11:56:39.242 UTC INFO [rg1-rn1] JE recovery: CKPT
2013-04-23 11:56:39.376 UTC INFO [rg1-rn1] JE recovery: RECOVERY_FINISHED
2013-04-23 11:56:39.386 UTC INFO [rg1-rn1] JE: Started ServiceDispatcher. HostPort=AGavrilov-nb2:5006
2013-04-23 11:56:39.393 UTC INFO [rg1-rn1] JE: Current group size: 0
2013-04-23 11:56:39.394 UTC INFO [rg1-rn1] JE: New node rg1-rn1(-1) unknown to rep group
2013-04-23 11:56:39.394 UTC INFO [rg1-rn1] JE: Master changed to rg1-rn1
2013-04-23 11:56:39.394 UTC INFO [rg1-rn1] JE: Nascent group. rg1-rn1 is master by virtue of being the first node.
2013-04-23 11:56:39.650 UTC INFO [rg1-rn1] JE: Successfully added node:rg1-rn1(1) HostPort = AGavrilov-nb2: 5006 [ELECTABLE]
2013-04-23 11:56:39.651 UTC INFO [rg1-rn1] JE: Refreshed 0 monitors.
2013-04-23 11:56:39.652 UTC INFO [rg1-rn1] JE recovery: BECOME_CONSISTENT
2013-04-23 11:56:39.652 UTC INFO [rg1-rn1] JE: Node rg1-rn1 started
2013-04-23 11:56:39.652 UTC INFO [rg1-rn1] JE: Feeder manager accepting requests.
2013-04-23 11:56:39.653 UTC INFO [rg1-rn1] JE: Joining group as master
2013-04-23 11:56:39.653 UTC INFO [rg1-rn1] JE: Refreshed 0 monitors.
2013-04-23 11:56:39.653 UTC INFO [rg1-rn1] Opened JE environment. JVM max heap: 1 880 948 736. JE properties: allowCreate=true
cacheSize=1128569241
txnNoSync=false
txnWriteNoSync=false
{je.log.iteratorReadSize=1048576, je.evictor.nodesPerScan=200, je.evictor.criticalPercentage=105, je.rep.vlsn.logCacheSize=128, je.txn.durability=WRITE_NO_SYNC,WRITE_NO_SYNC,SIMPLE_MAJORITY, je.log.fileMax=1073741824, je.env.runEvictor=true, je.rep.nodeHostPort=AGavrilov-nb2:5006, je.cleaner.readSize=1048576, je.rep.replayMaxOpenDbHandles=100, je.cleaner.threads=2, je.log.fileCacheSize=2000, je.maxMemory=0, je.checkpointer.bytesInterval=200000000, je.rep.helperHosts=AGavrilov-nb2:5006, je.rep.vlsn.distance=1000000, je.rep.txnRollbackLimit=10, je.rep.preserveRecordVersion=true, je.rep.replicaAckTimeout=5 s, je.evictor.lruOnly=false, je.log.writeQueueSize=2097152, je.env.isTransactional=true, je.rep.nodeName=rg1-rn1, je.rep.groupName=rg1, je.cleaner.lazyMigration=false, je.cleaner.minUtilization=40, je.log.faultReadSize=4096, je.rep.preHeartbeatTimeoutMs=5000000000, je.rep.consistencyPolicy=NoConsistencyRequiredPolicy, je.tree.maxDelta=10, je.nodeMaxEntries=128, je.log.numBuffers=16, je.rep.envUnknownStateTimeout=10 s, je.rep.nodeType=ELECTABLE}

2013-04-23 11:56:39.764 UTC INFO [rg1-rn1] Local Environment version updated to: 11gR2.2.0.26 2013-01-28 12:19:21 UTC  Build id: 99ef986805a3 Previous version:  none
2013-04-23 11:56:39.766 UTC INFO [rg1-rn1] State change event: Tue Apr 23 15:56:39 MSK 2013, State: MASTER, Master: rg1-rn1
2013-04-23 11:56:39.768 UTC INFO [rg1-rn1] Master balance state tracker queue added:MASTER
2013-04-23 11:56:39.768 UTC INFO [rg1-rn1] Migration manager change state to MASTER.
2013-04-23 11:56:39.769 UTC INFO [rg1-rn1] Replicated environment handle established. Cache size: 1128569241, State: MASTER
2013-04-23 11:56:39.769 UTC INFO [rg1-rn1] Environment does not contain topology store.
2013-04-23 11:56:39.770 UTC INFO [rg1-rn1] Topology needs to be pushed to this node.
2013-04-23 11:56:39.778 UTC INFO [rg1-rn1] Migration service accepting requests.
2013-04-23 11:56:39.785 UTC INFO [rg1-rn1] Service status changed from STARTING to RUNNING
2013-04-23 11:56:39.786 UTC INFO [rg1-rn1] Started RepNodeService
2013-04-23 11:56:40.155 UTC INFO [rg1-rn1] Topology updated from seq#: 0 to 4
2013-04-23 11:56:40.159 UTC INFO [rg1-rn1] Establishing partition database handles, topology seq#: 4
2013-04-23 11:56:40.160 UTC INFO [rg1-rn1] Established 0 partition database handles
2013-04-23 11:56:40.274 UTC INFO [rg1-rn1] Topology stored seq#: 4
2013-04-23 11:56:40.399 UTC INFO [rg1-rn1] newParameters are identical to old parameters
2013-04-23 11:56:40.558 UTC INFO [rg1-rn1] Topology incrementally updated from seq#: 4 to 14
2013-04-23 11:56:40.559 UTC INFO [rg1-rn1] Establishing partition database handles, topology seq#: 14
2013-04-23 11:56:40.567 UTC INFO [rg1-rn1] Established 10 partition database handles
2013-04-23 11:56:40.645 UTC INFO [rg1-rn1] Topology stored seq#: 14
2013-04-23 11:56:40.784 UTC INFO [rg1-rn1] MasterBalanceStateTracker thread start rn: rg1-rn1
