2013-05-06 11:12:20.153 UTC INFO [snaService] Starting, configuration file: .\kvroot\config.xml
2013-05-06 11:12:20.393 UTC INFO [snaService] Creating a Registry on port AGavrilov-nb2:5000 server socket factory:null
2013-05-06 11:12:21.277 UTC INFO [snaService] Bound to registry port 5000 using name snaService using SSF:null
2013-05-06 11:12:21.280 UTC INFO [snaService] Using mgmt class oracle.kv.impl.mgmt.NoOpAgent
2013-05-06 11:12:21.303 UTC INFO [snaService] findManagedProcesses exception: Cannot run program "jps": CreateProcess error=2, ?? ??????? ????? ????????? ????
2013-05-06 11:12:21.305 UTC INFO [snaService] findManagedProcesses exception: Cannot run program "jps": CreateProcess error=2, ?? ??????? ????? ????????? ????
2013-05-06 11:12:21.306 UTC INFO [snaService] BootstrapAdmin: Starting AdminService
2013-05-06 11:12:21.307 UTC INFO [snaService] BootstrapAdmin: Started AdminService
2013-05-06 11:12:21.307 UTC INFO [snaService] Service status changed from STARTING to WAITING_FOR_DEPLOY
2013-05-06 11:12:21.329 UTC INFO [snaService] Starting in bootstrap mode
2013-05-06 11:12:21.329 UTC INFO [snaService] Starting Command service on rmi://AGavrilov-nb2:5000/commandService
2013-05-06 11:12:21.369 UTC INFO [snaService] Starting Web service on port 5001
2013-05-06 11:12:21.432 UTC INFO [snaService] jetty-7.4.0.v20110414
2013-05-06 11:12:21.527 UTC INFO [snaService] Extract jar:file:/C:/Users/AGavrilov.ESPHERE/Documents/GitHub/IdeaProjects/ConverterNoSQL/NoSQL_Storage/kv-ee-2.0.26/kv-2.0.26/lib/kvstore.jar!/war/KVAdminUI/ to C:\Users\AGavrilov.ESPHERE\AppData\Local\Temp\jetty-0.0.0.0-5001-KVAdminUI-_-any-\webapp
2013-05-06 11:12:23.101 UTC INFO [snaService] NO JSP Support for /, did not find org.apache.jasper.servlet.JspServlet
2013-05-06 11:12:23.134 UTC INFO [snaService] started o.e.j.w.WebAppContext{/,file:/C:/Users/AGavrilov.ESPHERE/AppData/Local/Temp/jetty-0.0.0.0-5001-KVAdminUI-_-any-/webapp/},jar:file:/C:/Users/AGavrilov.ESPHERE/Documents/GitHub/IdeaProjects/ConverterNoSQL/NoSQL_Storage/kv-ee-2.0.26/kv-2.0.26/lib/kvstore.jar!/war/KVAdminUI
2013-05-06 11:12:23.217 UTC INFO [snaService] Started SelectChannelConnector@0.0.0.0:5001 STARTING
2013-05-06 11:12:23.218 UTC INFO [snaService] Started AdminService
2013-05-06 11:12:23.218 UTC INFO [snaService] Thread returning for service BootstrapAdmin.5000
2013-05-06 11:12:24.339 UTC INFO [snaService] Changing log files to log directory for store MyStore
2013-05-06 11:12:24.828 UTC INFO [snaService] Register: root: .\kvroot, store: MyStore, hostingAdmin: true
2013-05-06 11:12:24.867 UTC INFO [snaService] System architecture is amd64
2013-05-06 11:12:24.867 UTC INFO [snaService] Setting number of CPUs to 8
2013-05-06 11:12:25.112 UTC INFO [snaService] Starting, configuration file: .\kvroot\config.xml
2013-05-06 11:12:25.116 UTC INFO [snaService] Registered startup, config file: .\kvroot\MyStore\sn1\config.xml
2013-05-06 11:12:25.131 UTC INFO [snaService] Changing log files to directory: .\kvroot\MyStore\log
2013-05-06 11:13:09.131 UTC INFO [snaService] Starting, configuration file: .\kvroot\config.xml
2013-05-06 11:13:09.141 UTC INFO [snaService] Registered startup, config file: .\kvroot\MyStore\sn1\config.xml
2013-05-06 11:13:09.165 UTC INFO [snaService] Changing log files to directory: .\kvroot\MyStore\log
